<?xml version="1.0" encoding="UTF-8"?>
<!-- Generated by org.testng.reporters.JUnitReportReporter -->
<testsuite hostname="DESKTOP-UP2Q5NF" failures="0" tests="1" name="test_Script.ManageNews_Test" time="18.858" errors="0" timestamp="2025-09-08T12:49:44 IST" skipped="0">
  <testcase classname="test_Script.ManageNews_Test" name="verifyUserisAbleToSearchAddedTitleonSearchbox" time="18.858"/>
</testsuite> <!-- test_Script.ManageNews_Test -->
