<?xml version="1.0" encoding="UTF-8"?>
<!-- Generated by org.testng.reporters.JUnitReportReporter -->
<testsuite hostname="DESKTOP-UP2Q5NF" failures="0" tests="2" name="test_Script.AdminUsers_Test" time="31.836" errors="0" timestamp="2025-09-01T20:02:37 IST" skipped="0">
  <testcase classname="test_Script.AdminUsers_Test" name="verifyUserisAbletoSearchNewUserinAdminUsers" time="16.302"/>
  <testcase classname="test_Script.AdminUsers_Test" name="verifyUserisAbletoClickOnMoreinfoinAdminusersofHomePage" time="15.534"/>
</testsuite> <!-- test_Script.AdminUsers_Test -->
