<?xml version="1.0" encoding="UTF-8"?>
<!-- Generated by org.testng.reporters.JUnitReportReporter -->
<testsuite hostname="DESKTOP-UP2Q5NF" failures="0" tests="1" name="test_Script.AdminUsers_Test" time="21.665" errors="0" timestamp="2025-09-04T20:06:47 IST" skipped="0">
  <testcase classname="test_Script.AdminUsers_Test" name="verifyUserisAbleToAddNewUser" time="21.665"/>
</testsuite> <!-- test_Script.AdminUsers_Test -->
