<?xml version="1.0" encoding="UTF-8"?>
<!-- Generated by org.testng.reporters.JUnitReportReporter -->
<testsuite hostname="DESKTOP-UP2Q5NF" failures="0" tests="1" name="test_Script.Home_Test" time="24.394" errors="0" timestamp="2025-09-01T15:21:56 IST" skipped="0">
  <testcase classname="test_Script.Home_Test" name="verifyUserIsAbleToLogout" time="24.394"/>
</testsuite> <!-- test_Script.Home_Test -->
