<?xml version="1.0" encoding="UTF-8"?>
<!-- Generated by org.testng.reporters.JUnitReportReporter -->
<testsuite hostname="DESKTOP-UP2Q5NF" failures="0" tests="1" name="test_Script.Home_Test" time="14.060" errors="0" timestamp="2025-08-28T09:19:19 IST" skipped="0">
  <testcase classname="test_Script.Home_Test" name="verifyUserIsAbleToLogout" time="14.060"/>
</testsuite> <!-- test_Script.Home_Test -->
