<?xml version="1.0" encoding="UTF-8"?>
<!-- Generated by org.testng.reporters.JUnitReportReporter -->
<testsuite hostname="DESKTOP-UP2Q5NF" failures="0" tests="4" name="test_Script.Login_Test" time="22.844" errors="0" timestamp="2025-09-04T19:14:08 IST" skipped="0">
  <testcase classname="test_Script.Login_Test" name="verifyUserLoginWithValidCredentials" time="7.308"/>
  <testcase classname="test_Script.Login_Test" name="verifyInvalidUsernamewithValidPassword" time="4.728"/>
  <testcase classname="test_Script.Login_Test" name="verifyvalidUsernamewithInValidPassword" time="4.765"/>
  <testcase classname="test_Script.Login_Test" name="verifyInvalidUsernamewithInValidPassword" time="6.043"/>
</testsuite> <!-- test_Script.Login_Test -->
