<?xml version="1.0" encoding="UTF-8"?>
<!-- Generated by org.testng.reporters.JUnitReportReporter -->
<testsuite hostname="DESKTOP-UP2Q5NF" failures="0" tests="1" name="test_Script.AdminUsers_Test" time="14.046" errors="0" timestamp="2025-09-08T19:33:56 IST" skipped="0">
  <testcase classname="test_Script.AdminUsers_Test" name="verifyUserisAbletoSearchNewUserinAdminUsers" time="14.046"/>
</testsuite> <!-- test_Script.AdminUsers_Test -->
