<?xml version="1.0" encoding="UTF-8"?>
<!-- Generated by org.testng.reporters.JUnitReportReporter -->
<testsuite hostname="DESKTOP-UP2Q5NF" failures="0" tests="2" name="test_Script.AdminUsers_Test" time="23.613" errors="0" timestamp="2025-09-01T18:24:45 IST" skipped="0">
  <testcase classname="test_Script.AdminUsers_Test" name="verifyUserisAbletoClickOnMoreinfoinAdminusersofHomePage" time="14.779"/>
  <testcase classname="test_Script.AdminUsers_Test" name="verifyUserisAbletoSearchNewUserinAdminUsers" time="8.834"/>
</testsuite> <!-- test_Script.AdminUsers_Test -->
