<?xml version="1.0" encoding="UTF-8"?>
<!-- Generated by org.testng.reporters.JUnitReportReporter -->
<testsuite hostname="DESKTOP-UP2Q5NF" failures="0" tests="1" name="test_Script.AdminUsers_Test" time="10.474" errors="0" timestamp="2025-08-30T10:07:23 IST" skipped="0">
  <testcase classname="test_Script.AdminUsers_Test" name="verifyUserIsAbleToClickSearchButtoninsideAdminUserstab" time="10.474"/>
</testsuite> <!-- test_Script.AdminUsers_Test -->
