<?xml version="1.0" encoding="UTF-8"?>
<!-- Generated by org.testng.reporters.JUnitReportReporter -->
<testsuite hostname="DESKTOP-UP2Q5NF" failures="0" tests="1" name="test_Script.Login_Test" time="9.147" errors="0" timestamp="2025-08-27T14:17:16 IST" skipped="0">
  <testcase classname="test_Script.Login_Test" name="verifyInvalidUsernamewithInValidPassword" time="9.147"/>
</testsuite> <!-- test_Script.Login_Test -->
